<?xml version="1.0" encoding="UTF-8"?>
<!-- Generated by org.testng.reporters.JUnitReportReporter -->
<testsuite skipped="0" hostname="TarekHamdy" name="org.example.runners.TestRunners" tests="18" failures="0" timestamp="2022-06-14T14:42:03 EET" time="310.591" errors="3">
  <testcase name="runScenario" time="12.366" classname="org.example.runners.TestRunners"/>
  <system-out/>
  <testcase name="runScenario" time="15.262" classname="org.example.runners.TestRunners"/>
  <system-out/>
  <testcase name="runScenario" time="14.019" classname="org.example.runners.TestRunners">
    <error type="java.lang.IndexOutOfBoundsException" message="Index: 1, Size: 1">
      <![CDATA[java.lang.IndexOutOfBoundsException: Index: 1, Size: 1
at java.util.ArrayList.rangeCheck(ArrayList.java:659)
at java.util.ArrayList.get(ArrayList.java:435)
at org.example.stepDefinition.D07_FollowUs.open_link(D07_FollowUs.java:26)
at ✽.open new tab of "rss"(file:///C:/Users/Ladmin/IdeaProjects/DemoNopCommerce/src/main/resources/Features/F07_FollowUs.feature:13)
]]>
    </error>
  </testcase> <!-- runScenario -->
  <system-out/>
  <testcase name="runScenario" time="32.177" classname="org.example.runners.TestRunners"/>
  <system-out/>
  <testcase name="runScenario" time="12.983" classname="org.example.runners.TestRunners"/>
  <system-out/>
  <testcase name="runScenario" time="25.124" classname="org.example.runners.TestRunners"/>
  <system-out/>
  <testcase name="runScenario" time="12.764" classname="org.example.runners.TestRunners"/>
  <system-out/>
  <testcase name="runScenario" time="14.358" classname="org.example.runners.TestRunners"/>
  <system-out/>
  <testcase name="runScenario" time="14.820" classname="org.example.runners.TestRunners"/>
  <system-out/>
  <testcase name="runScenario" time="15.260" classname="org.example.runners.TestRunners"/>
  <system-out/>
  <testcase name="runScenario" time="20.912" classname="org.example.runners.TestRunners"/>
  <system-out/>
  <testcase name="runScenario" time="21.887" classname="org.example.runners.TestRunners">
    <error type="org.openqa.selenium.TimeoutException" message="Expected condition failed: waiting for url to contain &quot;https://demo.nopcommerce.com/nokia-lumia-1020&quot;. Current url: &quot;https://demo.nopcommerce.com/&quot; (tried for 10 second(s) with 500 milliseconds interval)
Build info: version: &#039;4.2.0&#039;, revision: &#039;86eb611648&#039;
System info: host: &#039;TAREKHAMDY&#039;, ip: &#039;192.168.1.13&#039;, os.name: &#039;Windows 10&#039;, os.arch: &#039;amd64&#039;, os.version: &#039;10.0&#039;, java.version: &#039;1.8.0_331&#039;
Driver info: org.openqa.selenium.chrome.ChromeDriver
Capabilities {acceptInsecureCerts: false, browserName: chrome, browserVersion: 102.0.5005.63, chrome: {chromedriverVersion: 102.0.5005.61 (0e59bcc00cc4..., userDataDir: C:\Users\Ladmin\AppData\Loc...}, goog:chromeOptions: {debuggerAddress: localhost:49758}, javascriptEnabled: true, networkConnectionEnabled: false, pageLoadStrategy: normal, platform: WINDOWS, platformName: WINDOWS, proxy: Proxy(), se:cdp: ws://localhost:49758/devtoo..., se:cdpVersion: 102.0.5005.63, setWindowRect: true, strictFileInteractability: false, timeouts: {implicit: 0, pageLoad: 300000, script: 30000}, unhandledPromptBehavior: dismiss and notify, webauthn:extension:credBlob: true, webauthn:extension:largeBlob: true, webauthn:virtualAuthenticators: true}
Session ID: cb1452ae9f39e1795731cd9b458c7c57">
      <![CDATA[org.openqa.selenium.TimeoutException: Expected condition failed: waiting for url to contain "https://demo.nopcommerce.com/nokia-lumia-1020". Current url: "https://demo.nopcommerce.com/" (tried for 10 second(s) with 500 milliseconds interval)
Build info: version: '4.2.0', revision: '86eb611648'
System info: host: 'TAREKHAMDY', ip: '192.168.1.13', os.name: 'Windows 10', os.arch: 'amd64', os.version: '10.0', java.version: '1.8.0_331'
Driver info: org.openqa.selenium.chrome.ChromeDriver
Capabilities {acceptInsecureCerts: false, browserName: chrome, browserVersion: 102.0.5005.63, chrome: {chromedriverVersion: 102.0.5005.61 (0e59bcc00cc4..., userDataDir: C:\Users\Ladmin\AppData\Loc...}, goog:chromeOptions: {debuggerAddress: localhost:49758}, javascriptEnabled: true, networkConnectionEnabled: false, pageLoadStrategy: normal, platform: WINDOWS, platformName: WINDOWS, proxy: Proxy(), se:cdp: ws://localhost:49758/devtoo..., se:cdpVersion: 102.0.5005.63, setWindowRect: true, strictFileInteractability: false, timeouts: {implicit: 0, pageLoad: 300000, script: 30000}, unhandledPromptBehavior: dismiss and notify, webauthn:extension:credBlob: true, webauthn:extension:largeBlob: true, webauthn:virtualAuthenticators: true}
Session ID: cb1452ae9f39e1795731cd9b458c7c57
at org.openqa.selenium.support.ui.WebDriverWait.timeoutException(WebDriverWait.java:87)
at org.openqa.selenium.support.ui.FluentWait.until(FluentWait.java:231)
at org.example.stepDefinition.D06_HomeSliders.first_slider_detail(D06_HomeSliders.java:27)
at ✽.user go to first slider detail page(file:///C:/Users/Ladmin/IdeaProjects/DemoNopCommerce/src/main/resources/Features/F06_HomeSliders.feature:5)
]]>
    </error>
  </testcase> <!-- runScenario -->
  <system-out/>
  <testcase name="runScenario" time="25.797" classname="org.example.runners.TestRunners">
    <error type="org.openqa.selenium.TimeoutException" message="Expected condition failed: waiting for url to contain &quot; https://demo.nopcommerce.com/iphone-6&quot;. Current url: &quot;https://demo.nopcommerce.com/&quot; (tried for 10 second(s) with 500 milliseconds interval)
Build info: version: &#039;4.2.0&#039;, revision: &#039;86eb611648&#039;
System info: host: &#039;TAREKHAMDY&#039;, ip: &#039;192.168.1.13&#039;, os.name: &#039;Windows 10&#039;, os.arch: &#039;amd64&#039;, os.version: &#039;10.0&#039;, java.version: &#039;1.8.0_331&#039;
Driver info: org.openqa.selenium.chrome.ChromeDriver
Capabilities {acceptInsecureCerts: false, browserName: chrome, browserVersion: 102.0.5005.63, chrome: {chromedriverVersion: 102.0.5005.61 (0e59bcc00cc4..., userDataDir: C:\Users\Ladmin\AppData\Loc...}, goog:chromeOptions: {debuggerAddress: localhost:49850}, javascriptEnabled: true, networkConnectionEnabled: false, pageLoadStrategy: normal, platform: WINDOWS, platformName: WINDOWS, proxy: Proxy(), se:cdp: ws://localhost:49850/devtoo..., se:cdpVersion: 102.0.5005.63, setWindowRect: true, strictFileInteractability: false, timeouts: {implicit: 0, pageLoad: 300000, script: 30000}, unhandledPromptBehavior: dismiss and notify, webauthn:extension:credBlob: true, webauthn:extension:largeBlob: true, webauthn:virtualAuthenticators: true}
Session ID: 86a005088aae7fa098645ddcad70d9a8">
      <![CDATA[org.openqa.selenium.TimeoutException: Expected condition failed: waiting for url to contain " https://demo.nopcommerce.com/iphone-6". Current url: "https://demo.nopcommerce.com/" (tried for 10 second(s) with 500 milliseconds interval)
Build info: version: '4.2.0', revision: '86eb611648'
System info: host: 'TAREKHAMDY', ip: '192.168.1.13', os.name: 'Windows 10', os.arch: 'amd64', os.version: '10.0', java.version: '1.8.0_331'
Driver info: org.openqa.selenium.chrome.ChromeDriver
Capabilities {acceptInsecureCerts: false, browserName: chrome, browserVersion: 102.0.5005.63, chrome: {chromedriverVersion: 102.0.5005.61 (0e59bcc00cc4..., userDataDir: C:\Users\Ladmin\AppData\Loc...}, goog:chromeOptions: {debuggerAddress: localhost:49850}, javascriptEnabled: true, networkConnectionEnabled: false, pageLoadStrategy: normal, platform: WINDOWS, platformName: WINDOWS, proxy: Proxy(), se:cdp: ws://localhost:49850/devtoo..., se:cdpVersion: 102.0.5005.63, setWindowRect: true, strictFileInteractability: false, timeouts: {implicit: 0, pageLoad: 300000, script: 30000}, unhandledPromptBehavior: dismiss and notify, webauthn:extension:credBlob: true, webauthn:extension:largeBlob: true, webauthn:virtualAuthenticators: true}
Session ID: 86a005088aae7fa098645ddcad70d9a8
at org.openqa.selenium.support.ui.WebDriverWait.timeoutException(WebDriverWait.java:87)
at org.openqa.selenium.support.ui.FluentWait.until(FluentWait.java:231)
at org.example.stepDefinition.D06_HomeSliders.second_slider_detail(D06_HomeSliders.java:39)
at ✽.user go to second slider detail page(file:///C:/Users/Ladmin/IdeaProjects/DemoNopCommerce/src/main/resources/Features/F06_HomeSliders.feature:11)
]]>
    </error>
  </testcase> <!-- runScenario -->
  <system-out/>
  <testcase name="runScenario" time="9.224" classname="org.example.runners.TestRunners"/>
  <system-out/>
  <testcase name="runScenario" time="15.078" classname="org.example.runners.TestRunners"/>
  <system-out/>
  <testcase name="runScenario" time="13.967" classname="org.example.runners.TestRunners"/>
  <system-out/>
  <testcase name="runScenario" time="13.602" classname="org.example.runners.TestRunners"/>
  <system-out/>
  <testcase name="runScenario" time="20.991" classname="org.example.runners.TestRunners"/>
  <system-out/>
</testsuite> <!-- org.example.runners.TestRunners -->
